\BOOKMARK [1][-]{section.1}{Pr\351sentation du projet}{}% 1
\BOOKMARK [1][-]{section.2}{Remerciements}{}% 2
\BOOKMARK [1][-]{section.3}{Diff\351rentes strat\351gies envisag\351es}{}% 3
\BOOKMARK [2][-]{subsection.3.1}{Structuration des donn\351es}{section.3}% 4
\BOOKMARK [2][-]{subsection.3.2}{Notions d'overfitting/underfitting}{section.3}% 5
\BOOKMARK [2][-]{subsection.3.3}{Validation crois\351e}{section.3}% 6
\BOOKMARK [3][-]{subsubsection.3.3.1}{Contexte th\351orique}{subsection.3.3}% 7
\BOOKMARK [3][-]{subsubsection.3.3.2}{La validation crois\351e Hold-Out}{subsection.3.3}% 8
\BOOKMARK [3][-]{subsubsection.3.3.3}{La validation crois\351e K-Fold}{subsection.3.3}% 9
\BOOKMARK [1][-]{section.4}{Analyse des corr\351lations entre variables et visualisation}{}% 10
\BOOKMARK [1][-]{section.5}{Travail des donn\351es}{}% 11
\BOOKMARK [2][-]{subsection.5.1}{Gestion et remplacement des valeurs manquantes}{section.5}% 12
\BOOKMARK [2][-]{subsection.5.2}{Transformation de la date}{section.5}% 13
\BOOKMARK [1][-]{section.6}{Choix et application d'algorithmes d'apprentissage supervis\351}{}% 14
\BOOKMARK [2][-]{subsection.6.1}{Premiers algorithmes : la r\351gression lin\351aire et ses variantes}{section.6}% 15
\BOOKMARK [2][-]{subsection.6.2}{For\352t al\351atoire : l'algorithme Random Forest}{section.6}% 16
\BOOKMARK [3][-]{subsubsection.6.2.1}{Rappels sur le fonctionnement de la m\351thode CART}{subsection.6.2}% 17
\BOOKMARK [3][-]{subsubsection.6.2.2}{Le bagging}{subsection.6.2}% 18
\BOOKMARK [3][-]{subsubsection.6.2.3}{L'algorithme Random Forest RI}{subsection.6.2}% 19
\BOOKMARK [3][-]{subsubsection.6.2.4}{R\351sultats obtenus}{subsection.6.2}% 20
\BOOKMARK [2][-]{subsection.6.3}{Boosting : l'algorithme XGBoost}{section.6}% 21
\BOOKMARK [3][-]{subsubsection.6.3.1}{Rappels sur le fonctionnement du boosting}{subsection.6.3}% 22
\BOOKMARK [3][-]{subsubsection.6.3.2}{Descente de gradient stochastique}{subsection.6.3}% 23
\BOOKMARK [3][-]{subsubsection.6.3.3}{Fonctionnement du Gradient Boosting r\351gularis\351}{subsection.6.3}% 24
\BOOKMARK [3][-]{subsubsection.6.3.4}{R\351sultats obtenus}{subsection.6.3}% 25
\BOOKMARK [2][-]{subsection.6.4}{Deep Learning : l'utilisation des r\351seaux de neurones}{section.6}% 26
\BOOKMARK [1][-]{section.7}{Bilan}{}% 27
\BOOKMARK [1][-]{section.8}{Bibliographie et sources}{}% 28
